  BinarySearch.c
d:\backupcompleted\education\자료구조_윤성우\sources\ch01\binarysearch.c(35): warning C4566: character represented by universal-character-name '\uD0D0' cannot be represented in the current code page (1252)
d:\backupcompleted\education\자료구조_윤성우\sources\ch01\binarysearch.c(35): warning C4566: character represented by universal-character-name '\uC0C9' cannot be represented in the current code page (1252)
d:\backupcompleted\education\자료구조_윤성우\sources\ch01\binarysearch.c(35): warning C4566: character represented by universal-character-name '\uC2E4' cannot be represented in the current code page (1252)
d:\backupcompleted\education\자료구조_윤성우\sources\ch01\binarysearch.c(35): warning C4566: character represented by universal-character-name '\uD328' cannot be represented in the current code page (1252)
d:\backupcompleted\education\자료구조_윤성우\sources\ch01\binarysearch.c(37): warning C4566: character represented by universal-character-name '\uD0C0' cannot be represented in the current code page (1252)
d:\backupcompleted\education\자료구조_윤성우\sources\ch01\binarysearch.c(37): warning C4566: character represented by universal-character-name '\uAC9F' cannot be represented in the current code page (1252)
d:\backupcompleted\education\자료구조_윤성우\sources\ch01\binarysearch.c(37): warning C4566: character represented by universal-character-name '\uC800' cannot be represented in the current code page (1252)
d:\backupcompleted\education\자료구조_윤성우\sources\ch01\binarysearch.c(37): warning C4566: character represented by universal-character-name '\uC7A5' cannot be represented in the current code page (1252)
d:\backupcompleted\education\자료구조_윤성우\sources\ch01\binarysearch.c(37): warning C4566: character represented by universal-character-name '\uC778' cannot be represented in the current code page (1252)
d:\backupcompleted\education\자료구조_윤성우\sources\ch01\binarysearch.c(37): warning C4566: character represented by universal-character-name '\uB371' cannot be represented in the current code page (1252)
d:\backupcompleted\education\자료구조_윤성우\sources\ch01\binarysearch.c(37): warning C4566: character represented by universal-character-name '\uC2A4' cannot be represented in the current code page (1252)
d:\backupcompleted\education\자료구조_윤성우\sources\ch01\binarysearch.c(41): warning C4566: character represented by universal-character-name '\uD0D0' cannot be represented in the current code page (1252)
d:\backupcompleted\education\자료구조_윤성우\sources\ch01\binarysearch.c(41): warning C4566: character represented by universal-character-name '\uC0C9' cannot be represented in the current code page (1252)
d:\backupcompleted\education\자료구조_윤성우\sources\ch01\binarysearch.c(41): warning C4566: character represented by universal-character-name '\uC2E4' cannot be represented in the current code page (1252)
d:\backupcompleted\education\자료구조_윤성우\sources\ch01\binarysearch.c(41): warning C4566: character represented by universal-character-name '\uD328' cannot be represented in the current code page (1252)
d:\backupcompleted\education\자료구조_윤성우\sources\ch01\binarysearch.c(43): warning C4566: character represented by universal-character-name '\uD0C0' cannot be represented in the current code page (1252)
d:\backupcompleted\education\자료구조_윤성우\sources\ch01\binarysearch.c(43): warning C4566: character represented by universal-character-name '\uAC9F' cannot be represented in the current code page (1252)
d:\backupcompleted\education\자료구조_윤성우\sources\ch01\binarysearch.c(43): warning C4566: character represented by universal-character-name '\uC800' cannot be represented in the current code page (1252)
d:\backupcompleted\education\자료구조_윤성우\sources\ch01\binarysearch.c(43): warning C4566: character represented by universal-character-name '\uC7A5' cannot be represented in the current code page (1252)
d:\backupcompleted\education\자료구조_윤성우\sources\ch01\binarysearch.c(43): warning C4566: character represented by universal-character-name '\uC778' cannot be represented in the current code page (1252)
d:\backupcompleted\education\자료구조_윤성우\sources\ch01\binarysearch.c(43): warning C4566: character represented by universal-character-name '\uB371' cannot be represented in the current code page (1252)
d:\backupcompleted\education\자료구조_윤성우\sources\ch01\binarysearch.c(43): warning C4566: character represented by universal-character-name '\uC2A4' cannot be represented in the current code page (1252)
d:\backupcompleted\education\자료구조_윤성우\sources\ch01\binarysearch.c(45): warning C4013: 'getch' undefined; assuming extern returning int
LINK : fatal error LNK1168: cannot open D:\Study\GitProject\DataStructure_C\Search\Debug\Search.exe for writing
